2025-10-06 14:00:30 INFO  [SpringApplicationShutdownHook] GracefulShutdown - Commencing graceful shutdown. Waiting for active requests to complete
2025-10-06 14:00:30 INFO  [tomcat-shutdown] GracefulShutdown - Graceful shutdown complete
2025-10-06 14:00:30 INFO  [SpringApplicationShutdownHook] LocalContainerEntityManagerFactoryBean - Closing JPA EntityManagerFactory for persistence unit 'default'
2025-10-06 14:00:31 INFO  [background-preinit] Version - HV000001: Hibernate Validator 8.0.3.Final
2025-10-06 14:00:31 INFO  [main] OneToManyApplication - Starting OneToManyApplication using Java 25 with PID 31196 (D:\intellij projects\oneToMany\target\classes started by SOUPARNO in D:\intellij projects\oneToMany)
2025-10-06 14:00:31 INFO  [main] OneToManyApplication - No active profile set, falling back to 1 default profile: "default"
2025-10-06 14:00:32 INFO  [main] RepositoryConfigurationDelegate - Bootstrapping Spring Data JPA repositories in DEFAULT mode.
2025-10-06 14:00:32 INFO  [main] RepositoryConfigurationDelegate - Finished Spring Data repository scanning in 32 ms. Found 2 JPA repository interfaces.
2025-10-06 14:00:32 INFO  [main] TomcatWebServer - Tomcat initialized with port 8080 (http)
2025-10-06 14:00:32 INFO  [main] Http11NioProtocol - Initializing ProtocolHandler ["http-nio-8080"]
2025-10-06 14:00:32 INFO  [main] StandardService - Starting service [Tomcat]
2025-10-06 14:00:32 INFO  [main] StandardEngine - Starting Servlet engine: [Apache Tomcat/10.1.46]
2025-10-06 14:00:32 INFO  [main] [/] - Initializing Spring embedded WebApplicationContext
2025-10-06 14:00:32 INFO  [main] ServletWebServerApplicationContext - Root WebApplicationContext: initialization completed in 754 ms
2025-10-06 14:00:32 INFO  [main] LogHelper - HHH000204: Processing PersistenceUnitInfo [name: default]
2025-10-06 14:00:32 INFO  [main] Version - HHH000412: Hibernate ORM core version 6.6.29.Final
2025-10-06 14:00:32 INFO  [main] RegionFactoryInitiator - HHH000026: Second-level cache disabled
2025-10-06 14:00:32 INFO  [main] SpringPersistenceUnitInfo - No LoadTimeWeaver setup: ignoring JPA class transformer
2025-10-06 14:00:33 INFO  [main] pooling - HHH10001005: Database info:
	Database JDBC URL [Connecting through datasource 'org.springframework.jdbc.datasource.DriverManagerDataSource@25953be6']
	Database driver: undefined/unknown
	Database version: 21.3
	Autocommit mode: undefined/unknown
	Isolation level: undefined/unknown
	Minimum pool size: undefined/unknown
	Maximum pool size: undefined/unknown
2025-10-06 14:00:33 INFO  [main] JtaPlatformInitiator - HHH000489: No JTA platform available (set 'hibernate.transaction.jta.platform' to enable JTA platform integration)
2025-10-06 14:00:35 WARN  [main] ExceptionHandlerLoggedImpl - GenerationTarget encountered exception accepting command : Error executing DDL "
    alter table product 
       add constraint FK18j7hot76crqfb6x6xn7mlxt6 
       foreign key (order_id) 
       references orders" via JDBC [ORA-02298: cannot validate (C##SCOTT.FK18J7HOT76CRQFB6X6XN7MLXT6) - parent keys not found

https://docs.oracle.com/error-help/db/ora-02298/]
org.hibernate.tool.schema.spi.CommandAcceptanceException: Error executing DDL "
    alter table product 
       add constraint FK18j7hot76crqfb6x6xn7mlxt6 
       foreign key (order_id) 
       references orders" via JDBC [ORA-02298: cannot validate (C##SCOTT.FK18J7HOT76CRQFB6X6XN7MLXT6) - parent keys not found

https://docs.oracle.com/error-help/db/ora-02298/]
	at org.hibernate.tool.schema.internal.exec.GenerationTargetToDatabase.accept(GenerationTargetToDatabase.java:94) ~[hibernate-core-6.6.29.Final.jar:6.6.29.Final]
	at org.hibernate.tool.schema.internal.AbstractSchemaMigrator.applySqlString(AbstractSchemaMigrator.java:576) [hibernate-core-6.6.29.Final.jar:6.6.29.Final]
	at org.hibernate.tool.schema.internal.AbstractSchemaMigrator.applySqlStrings(AbstractSchemaMigrator.java:516) [hibernate-core-6.6.29.Final.jar:6.6.29.Final]
	at org.hibernate.tool.schema.internal.AbstractSchemaMigrator.applyForeignKeys(AbstractSchemaMigrator.java:448) [hibernate-core-6.6.29.Final.jar:6.6.29.Final]
	at org.hibernate.tool.schema.internal.AbstractSchemaMigrator.performMigration(AbstractSchemaMigrator.java:269) [hibernate-core-6.6.29.Final.jar:6.6.29.Final]
	at org.hibernate.tool.schema.internal.AbstractSchemaMigrator.doMigration(AbstractSchemaMigrator.java:112) [hibernate-core-6.6.29.Final.jar:6.6.29.Final]
	at org.hibernate.tool.schema.spi.SchemaManagementToolCoordinator.performDatabaseAction(SchemaManagementToolCoordinator.java:280) [hibernate-core-6.6.29.Final.jar:6.6.29.Final]
	at org.hibernate.tool.schema.spi.SchemaManagementToolCoordinator.lambda$process$5(SchemaManagementToolCoordinator.java:144) [hibernate-core-6.6.29.Final.jar:6.6.29.Final]
	at java.base/java.util.HashMap.forEach(HashMap.java:1430) [?:?]
	at org.hibernate.tool.schema.spi.SchemaManagementToolCoordinator.process(SchemaManagementToolCoordinator.java:141) [hibernate-core-6.6.29.Final.jar:6.6.29.Final]
	at org.hibernate.boot.internal.SessionFactoryObserverForSchemaExport.sessionFactoryCreated(SessionFactoryObserverForSchemaExport.java:37) [hibernate-core-6.6.29.Final.jar:6.6.29.Final]
	at org.hibernate.internal.SessionFactoryObserverChain.sessionFactoryCreated(SessionFactoryObserverChain.java:35) [hibernate-core-6.6.29.Final.jar:6.6.29.Final]
	at org.hibernate.internal.SessionFactoryImpl.<init>(SessionFactoryImpl.java:324) [hibernate-core-6.6.29.Final.jar:6.6.29.Final]
	at org.hibernate.boot.internal.SessionFactoryBuilderImpl.build(SessionFactoryBuilderImpl.java:463) [hibernate-core-6.6.29.Final.jar:6.6.29.Final]
	at org.hibernate.jpa.boot.internal.EntityManagerFactoryBuilderImpl.build(EntityManagerFactoryBuilderImpl.java:1517) [hibernate-core-6.6.29.Final.jar:6.6.29.Final]
	at org.springframework.orm.jpa.vendor.SpringHibernateJpaPersistenceProvider.createContainerEntityManagerFactory(SpringHibernateJpaPersistenceProvider.java:66) [spring-orm-6.2.11.jar:6.2.11]
	at org.springframework.orm.jpa.LocalContainerEntityManagerFactoryBean.createNativeEntityManagerFactory(LocalContainerEntityManagerFactoryBean.java:390) [spring-orm-6.2.11.jar:6.2.11]
	at org.springframework.orm.jpa.AbstractEntityManagerFactoryBean.buildNativeEntityManagerFactory(AbstractEntityManagerFactoryBean.java:419) [spring-orm-6.2.11.jar:6.2.11]
	at org.springframework.orm.jpa.AbstractEntityManagerFactoryBean.afterPropertiesSet(AbstractEntityManagerFactoryBean.java:400) [spring-orm-6.2.11.jar:6.2.11]
	at org.springframework.orm.jpa.LocalContainerEntityManagerFactoryBean.afterPropertiesSet(LocalContainerEntityManagerFactoryBean.java:366) [spring-orm-6.2.11.jar:6.2.11]
	at org.springframework.beans.factory.support.AbstractAutowireCapableBeanFactory.invokeInitMethods(AbstractAutowireCapableBeanFactory.java:1873) [spring-beans-6.2.11.jar:6.2.11]
	at org.springframework.beans.factory.support.AbstractAutowireCapableBeanFactory.initializeBean(AbstractAutowireCapableBeanFactory.java:1822) [spring-beans-6.2.11.jar:6.2.11]
	at org.springframework.beans.factory.support.AbstractAutowireCapableBeanFactory.doCreateBean(AbstractAutowireCapableBeanFactory.java:607) [spring-beans-6.2.11.jar:6.2.11]
	at org.springframework.beans.factory.support.AbstractAutowireCapableBeanFactory.createBean(AbstractAutowireCapableBeanFactory.java:529) [spring-beans-6.2.11.jar:6.2.11]
	at org.springframework.beans.factory.support.AbstractBeanFactory.lambda$doGetBean$0(AbstractBeanFactory.java:339) [spring-beans-6.2.11.jar:6.2.11]
	at org.springframework.beans.factory.support.DefaultSingletonBeanRegistry.getSingleton(DefaultSingletonBeanRegistry.java:373) [spring-beans-6.2.11.jar:6.2.11]
	at org.springframework.beans.factory.support.AbstractBeanFactory.doGetBean(AbstractBeanFactory.java:337) [spring-beans-6.2.11.jar:6.2.11]
	at org.springframework.beans.factory.support.AbstractBeanFactory.getBean(AbstractBeanFactory.java:207) [spring-beans-6.2.11.jar:6.2.11]
	at org.springframework.context.support.AbstractApplicationContext.finishBeanFactoryInitialization(AbstractApplicationContext.java:970) [spring-context-6.2.11.jar:6.2.11]
	at org.springframework.context.support.AbstractApplicationContext.refresh(AbstractApplicationContext.java:627) [spring-context-6.2.11.jar:6.2.11]
	at org.springframework.boot.web.servlet.context.ServletWebServerApplicationContext.refresh(ServletWebServerApplicationContext.java:146) [spring-boot-3.5.6.jar:3.5.6]
	at org.springframework.boot.SpringApplication.refresh(SpringApplication.java:752) [spring-boot-3.5.6.jar:3.5.6]
	at org.springframework.boot.SpringApplication.refreshContext(SpringApplication.java:439) [spring-boot-3.5.6.jar:3.5.6]
	at org.springframework.boot.SpringApplication.run(SpringApplication.java:318) [spring-boot-3.5.6.jar:3.5.6]
	at org.springframework.boot.SpringApplication.run(SpringApplication.java:1361) [spring-boot-3.5.6.jar:3.5.6]
	at org.springframework.boot.SpringApplication.run(SpringApplication.java:1350) [spring-boot-3.5.6.jar:3.5.6]
	at com.example.OneToManyApplication.main(OneToManyApplication.java:10) [classes/:?]
Caused by: java.sql.SQLIntegrityConstraintViolationException: ORA-02298: cannot validate (C##SCOTT.FK18J7HOT76CRQFB6X6XN7MLXT6) - parent keys not found

https://docs.oracle.com/error-help/db/ora-02298/
	at oracle.jdbc.driver.T4CTTIoer11.processError(T4CTTIoer11.java:715) ~[ojdbc11-23.7.0.25.01.jar:23.7.0.25.01]
	at oracle.jdbc.driver.T4CTTIoer11.processError(T4CTTIoer11.java:615) ~[ojdbc11-23.7.0.25.01.jar:23.7.0.25.01]
	at oracle.jdbc.driver.T4C8Oall.processError(T4C8Oall.java:1372) ~[ojdbc11-23.7.0.25.01.jar:23.7.0.25.01]
	at oracle.jdbc.driver.T4CTTIfun.receive(T4CTTIfun.java:969) ~[ojdbc11-23.7.0.25.01.jar:23.7.0.25.01]
	at oracle.jdbc.driver.T4CTTIfun.doRPC(T4CTTIfun.java:237) ~[ojdbc11-23.7.0.25.01.jar:23.7.0.25.01]
	at oracle.jdbc.driver.T4C8Oall.doOALL(T4C8Oall.java:524) ~[ojdbc11-23.7.0.25.01.jar:23.7.0.25.01]
	at oracle.jdbc.driver.T4CStatement.doOall8(T4CStatement.java:192) ~[ojdbc11-23.7.0.25.01.jar:23.7.0.25.01]
	at oracle.jdbc.driver.T4CStatement.executeForRows(T4CStatement.java:1401) ~[ojdbc11-23.7.0.25.01.jar:23.7.0.25.01]
	at oracle.jdbc.driver.OracleStatement.executeSQLStatement(OracleStatement.java:2009) ~[ojdbc11-23.7.0.25.01.jar:23.7.0.25.01]
	at oracle.jdbc.driver.OracleStatement.doExecuteWithTimeout(OracleStatement.java:1622) ~[ojdbc11-23.7.0.25.01.jar:23.7.0.25.01]
	at oracle.jdbc.driver.OracleStatement.executeInternal(OracleStatement.java:2687) ~[ojdbc11-23.7.0.25.01.jar:23.7.0.25.01]
	at oracle.jdbc.driver.OracleStatement.execute(OracleStatement.java:2636) ~[ojdbc11-23.7.0.25.01.jar:23.7.0.25.01]
	at oracle.jdbc.driver.OracleStatementWrapper.execute(OracleStatementWrapper.java:337) ~[ojdbc11-23.7.0.25.01.jar:23.7.0.25.01]
	at org.hibernate.tool.schema.internal.exec.GenerationTargetToDatabase.accept(GenerationTargetToDatabase.java:80) ~[hibernate-core-6.6.29.Final.jar:6.6.29.Final]
	... 36 more
Caused by: oracle.jdbc.OracleDatabaseException: ORA-02298: cannot validate (C##SCOTT.FK18J7HOT76CRQFB6X6XN7MLXT6) - parent keys not found

	at oracle.jdbc.driver.T4CTTIoer11.processError(T4CTTIoer11.java:723) ~[ojdbc11-23.7.0.25.01.jar:23.7.0.25.01]
	at oracle.jdbc.driver.T4CTTIoer11.processError(T4CTTIoer11.java:615) ~[ojdbc11-23.7.0.25.01.jar:23.7.0.25.01]
	at oracle.jdbc.driver.T4C8Oall.processError(T4C8Oall.java:1372) ~[ojdbc11-23.7.0.25.01.jar:23.7.0.25.01]
	at oracle.jdbc.driver.T4CTTIfun.receive(T4CTTIfun.java:969) ~[ojdbc11-23.7.0.25.01.jar:23.7.0.25.01]
	at oracle.jdbc.driver.T4CTTIfun.doRPC(T4CTTIfun.java:237) ~[ojdbc11-23.7.0.25.01.jar:23.7.0.25.01]
	at oracle.jdbc.driver.T4C8Oall.doOALL(T4C8Oall.java:524) ~[ojdbc11-23.7.0.25.01.jar:23.7.0.25.01]
	at oracle.jdbc.driver.T4CStatement.doOall8(T4CStatement.java:192) ~[ojdbc11-23.7.0.25.01.jar:23.7.0.25.01]
	at oracle.jdbc.driver.T4CStatement.executeForRows(T4CStatement.java:1401) ~[ojdbc11-23.7.0.25.01.jar:23.7.0.25.01]
	at oracle.jdbc.driver.OracleStatement.executeSQLStatement(OracleStatement.java:2009) ~[ojdbc11-23.7.0.25.01.jar:23.7.0.25.01]
	at oracle.jdbc.driver.OracleStatement.doExecuteWithTimeout(OracleStatement.java:1622) ~[ojdbc11-23.7.0.25.01.jar:23.7.0.25.01]
	at oracle.jdbc.driver.OracleStatement.executeInternal(OracleStatement.java:2687) ~[ojdbc11-23.7.0.25.01.jar:23.7.0.25.01]
	at oracle.jdbc.driver.OracleStatement.execute(OracleStatement.java:2636) ~[ojdbc11-23.7.0.25.01.jar:23.7.0.25.01]
	at oracle.jdbc.driver.OracleStatementWrapper.execute(OracleStatementWrapper.java:337) ~[ojdbc11-23.7.0.25.01.jar:23.7.0.25.01]
	at org.hibernate.tool.schema.internal.exec.GenerationTargetToDatabase.accept(GenerationTargetToDatabase.java:80) ~[hibernate-core-6.6.29.Final.jar:6.6.29.Final]
	... 36 more
2025-10-06 14:00:35 INFO  [main] LocalContainerEntityManagerFactoryBean - Initialized JPA EntityManagerFactory for persistence unit 'default'
2025-10-06 14:00:35 WARN  [main] JpaBaseConfiguration$JpaWebConfiguration - spring.jpa.open-in-view is enabled by default. Therefore, database queries may be performed during view rendering. Explicitly configure spring.jpa.open-in-view to disable this warning
2025-10-06 14:00:35 INFO  [main] H2ConsoleAutoConfiguration - H2 console available at '/h2-console'. Databases available at 'jdbc:oracle:thin:@//localhost:1521/ORCL', 'jdbc:h2:mem:testdb'
2025-10-06 14:00:35 INFO  [main] Http11NioProtocol - Starting ProtocolHandler ["http-nio-8080"]
2025-10-06 14:00:35 INFO  [main] TomcatWebServer - Tomcat started on port 8080 (http) with context path '/'
2025-10-06 14:00:35 INFO  [main] OneToManyApplication - Started OneToManyApplication in 4.156 seconds (process running for 4.87)
2025-10-06 14:00:50 INFO  [http-nio-8080-exec-2] [/] - Initializing Spring DispatcherServlet 'dispatcherServlet'
2025-10-06 14:00:50 INFO  [http-nio-8080-exec-2] DispatcherServlet - Initializing Servlet 'dispatcherServlet'
2025-10-06 14:00:50 INFO  [http-nio-8080-exec-2] DispatcherServlet - Completed initialization in 1 ms
2025-10-06 14:00:50 INFO  [http-nio-8080-exec-2] OrderController - Creating order: Souparno Goswami
2025-10-06 14:00:50 INFO  [http-nio-8080-exec-2] OrderService - Saving order for: Souparno Goswami
2025-10-06 14:02:39 INFO  [http-nio-8080-exec-5] OrderController - Creating order: Tamojeet Pal
2025-10-06 14:02:39 INFO  [http-nio-8080-exec-5] OrderService - Saving order for: Tamojeet Pal
2025-10-06 14:02:56 INFO  [http-nio-8080-exec-6] OrderController - Getting all orders from Oracle DB
2025-10-06 14:02:56 INFO  [http-nio-8080-exec-6] OrderService - Fetching all orders
2025-10-06 14:02:56 ERROR [http-nio-8080-exec-6] GlobalExceptionHandler - Internal error: Could not write JSON: Document nesting depth (1001) exceeds the maximum allowed (1000, from `StreamWriteConstraints.getMaxNestingDepth()`)
2025-10-06 14:05:51 INFO  [SpringApplicationShutdownHook] GracefulShutdown - Commencing graceful shutdown. Waiting for active requests to complete
2025-10-06 14:05:51 INFO  [tomcat-shutdown] GracefulShutdown - Graceful shutdown complete
2025-10-06 14:05:51 INFO  [SpringApplicationShutdownHook] LocalContainerEntityManagerFactoryBean - Closing JPA EntityManagerFactory for persistence unit 'default'
2025-10-06 14:05:53 INFO  [background-preinit] Version - HV000001: Hibernate Validator 8.0.3.Final
2025-10-06 14:05:53 INFO  [main] OneToManyApplication - Starting OneToManyApplication using Java 25 with PID 13116 (D:\intellij projects\oneToMany\target\classes started by SOUPARNO in D:\intellij projects\oneToMany)
2025-10-06 14:05:53 INFO  [main] OneToManyApplication - No active profile set, falling back to 1 default profile: "default"
2025-10-06 14:05:54 INFO  [main] RepositoryConfigurationDelegate - Bootstrapping Spring Data JPA repositories in DEFAULT mode.
2025-10-06 14:05:54 INFO  [main] RepositoryConfigurationDelegate - Finished Spring Data repository scanning in 30 ms. Found 2 JPA repository interfaces.
2025-10-06 14:05:54 INFO  [main] TomcatWebServer - Tomcat initialized with port 8080 (http)
2025-10-06 14:05:54 INFO  [main] Http11NioProtocol - Initializing ProtocolHandler ["http-nio-8080"]
2025-10-06 14:05:54 INFO  [main] StandardService - Starting service [Tomcat]
2025-10-06 14:05:54 INFO  [main] StandardEngine - Starting Servlet engine: [Apache Tomcat/10.1.46]
2025-10-06 14:05:54 INFO  [main] [/] - Initializing Spring embedded WebApplicationContext
2025-10-06 14:05:54 INFO  [main] ServletWebServerApplicationContext - Root WebApplicationContext: initialization completed in 769 ms
2025-10-06 14:05:54 INFO  [main] LogHelper - HHH000204: Processing PersistenceUnitInfo [name: default]
2025-10-06 14:05:54 INFO  [main] Version - HHH000412: Hibernate ORM core version 6.6.29.Final
2025-10-06 14:05:54 INFO  [main] RegionFactoryInitiator - HHH000026: Second-level cache disabled
2025-10-06 14:05:54 INFO  [main] SpringPersistenceUnitInfo - No LoadTimeWeaver setup: ignoring JPA class transformer
2025-10-06 14:05:55 INFO  [main] pooling - HHH10001005: Database info:
	Database JDBC URL [Connecting through datasource 'org.springframework.jdbc.datasource.DriverManagerDataSource@2c18a3ea']
	Database driver: undefined/unknown
	Database version: 21.3
	Autocommit mode: undefined/unknown
	Isolation level: undefined/unknown
	Minimum pool size: undefined/unknown
	Maximum pool size: undefined/unknown
2025-10-06 14:05:55 INFO  [main] JtaPlatformInitiator - HHH000489: No JTA platform available (set 'hibernate.transaction.jta.platform' to enable JTA platform integration)
2025-10-06 14:05:57 WARN  [main] ExceptionHandlerLoggedImpl - GenerationTarget encountered exception accepting command : Error executing DDL "
    alter table product 
       add constraint FK18j7hot76crqfb6x6xn7mlxt6 
       foreign key (order_id) 
       references orders" via JDBC [ORA-02298: cannot validate (C##SCOTT.FK18J7HOT76CRQFB6X6XN7MLXT6) - parent keys not found

https://docs.oracle.com/error-help/db/ora-02298/]
org.hibernate.tool.schema.spi.CommandAcceptanceException: Error executing DDL "
    alter table product 
       add constraint FK18j7hot76crqfb6x6xn7mlxt6 
       foreign key (order_id) 
       references orders" via JDBC [ORA-02298: cannot validate (C##SCOTT.FK18J7HOT76CRQFB6X6XN7MLXT6) - parent keys not found

https://docs.oracle.com/error-help/db/ora-02298/]
	at org.hibernate.tool.schema.internal.exec.GenerationTargetToDatabase.accept(GenerationTargetToDatabase.java:94) ~[hibernate-core-6.6.29.Final.jar:6.6.29.Final]
	at org.hibernate.tool.schema.internal.AbstractSchemaMigrator.applySqlString(AbstractSchemaMigrator.java:576) [hibernate-core-6.6.29.Final.jar:6.6.29.Final]
	at org.hibernate.tool.schema.internal.AbstractSchemaMigrator.applySqlStrings(AbstractSchemaMigrator.java:516) [hibernate-core-6.6.29.Final.jar:6.6.29.Final]
	at org.hibernate.tool.schema.internal.AbstractSchemaMigrator.applyForeignKeys(AbstractSchemaMigrator.java:448) [hibernate-core-6.6.29.Final.jar:6.6.29.Final]
	at org.hibernate.tool.schema.internal.AbstractSchemaMigrator.performMigration(AbstractSchemaMigrator.java:269) [hibernate-core-6.6.29.Final.jar:6.6.29.Final]
	at org.hibernate.tool.schema.internal.AbstractSchemaMigrator.doMigration(AbstractSchemaMigrator.java:112) [hibernate-core-6.6.29.Final.jar:6.6.29.Final]
	at org.hibernate.tool.schema.spi.SchemaManagementToolCoordinator.performDatabaseAction(SchemaManagementToolCoordinator.java:280) [hibernate-core-6.6.29.Final.jar:6.6.29.Final]
	at org.hibernate.tool.schema.spi.SchemaManagementToolCoordinator.lambda$process$5(SchemaManagementToolCoordinator.java:144) [hibernate-core-6.6.29.Final.jar:6.6.29.Final]
	at java.base/java.util.HashMap.forEach(HashMap.java:1430) [?:?]
	at org.hibernate.tool.schema.spi.SchemaManagementToolCoordinator.process(SchemaManagementToolCoordinator.java:141) [hibernate-core-6.6.29.Final.jar:6.6.29.Final]
	at org.hibernate.boot.internal.SessionFactoryObserverForSchemaExport.sessionFactoryCreated(SessionFactoryObserverForSchemaExport.java:37) [hibernate-core-6.6.29.Final.jar:6.6.29.Final]
	at org.hibernate.internal.SessionFactoryObserverChain.sessionFactoryCreated(SessionFactoryObserverChain.java:35) [hibernate-core-6.6.29.Final.jar:6.6.29.Final]
	at org.hibernate.internal.SessionFactoryImpl.<init>(SessionFactoryImpl.java:324) [hibernate-core-6.6.29.Final.jar:6.6.29.Final]
	at org.hibernate.boot.internal.SessionFactoryBuilderImpl.build(SessionFactoryBuilderImpl.java:463) [hibernate-core-6.6.29.Final.jar:6.6.29.Final]
	at org.hibernate.jpa.boot.internal.EntityManagerFactoryBuilderImpl.build(EntityManagerFactoryBuilderImpl.java:1517) [hibernate-core-6.6.29.Final.jar:6.6.29.Final]
	at org.springframework.orm.jpa.vendor.SpringHibernateJpaPersistenceProvider.createContainerEntityManagerFactory(SpringHibernateJpaPersistenceProvider.java:66) [spring-orm-6.2.11.jar:6.2.11]
	at org.springframework.orm.jpa.LocalContainerEntityManagerFactoryBean.createNativeEntityManagerFactory(LocalContainerEntityManagerFactoryBean.java:390) [spring-orm-6.2.11.jar:6.2.11]
	at org.springframework.orm.jpa.AbstractEntityManagerFactoryBean.buildNativeEntityManagerFactory(AbstractEntityManagerFactoryBean.java:419) [spring-orm-6.2.11.jar:6.2.11]
	at org.springframework.orm.jpa.AbstractEntityManagerFactoryBean.afterPropertiesSet(AbstractEntityManagerFactoryBean.java:400) [spring-orm-6.2.11.jar:6.2.11]
	at org.springframework.orm.jpa.LocalContainerEntityManagerFactoryBean.afterPropertiesSet(LocalContainerEntityManagerFactoryBean.java:366) [spring-orm-6.2.11.jar:6.2.11]
	at org.springframework.beans.factory.support.AbstractAutowireCapableBeanFactory.invokeInitMethods(AbstractAutowireCapableBeanFactory.java:1873) [spring-beans-6.2.11.jar:6.2.11]
	at org.springframework.beans.factory.support.AbstractAutowireCapableBeanFactory.initializeBean(AbstractAutowireCapableBeanFactory.java:1822) [spring-beans-6.2.11.jar:6.2.11]
	at org.springframework.beans.factory.support.AbstractAutowireCapableBeanFactory.doCreateBean(AbstractAutowireCapableBeanFactory.java:607) [spring-beans-6.2.11.jar:6.2.11]
	at org.springframework.beans.factory.support.AbstractAutowireCapableBeanFactory.createBean(AbstractAutowireCapableBeanFactory.java:529) [spring-beans-6.2.11.jar:6.2.11]
	at org.springframework.beans.factory.support.AbstractBeanFactory.lambda$doGetBean$0(AbstractBeanFactory.java:339) [spring-beans-6.2.11.jar:6.2.11]
	at org.springframework.beans.factory.support.DefaultSingletonBeanRegistry.getSingleton(DefaultSingletonBeanRegistry.java:373) [spring-beans-6.2.11.jar:6.2.11]
	at org.springframework.beans.factory.support.AbstractBeanFactory.doGetBean(AbstractBeanFactory.java:337) [spring-beans-6.2.11.jar:6.2.11]
	at org.springframework.beans.factory.support.AbstractBeanFactory.getBean(AbstractBeanFactory.java:207) [spring-beans-6.2.11.jar:6.2.11]
	at org.springframework.context.support.AbstractApplicationContext.finishBeanFactoryInitialization(AbstractApplicationContext.java:970) [spring-context-6.2.11.jar:6.2.11]
	at org.springframework.context.support.AbstractApplicationContext.refresh(AbstractApplicationContext.java:627) [spring-context-6.2.11.jar:6.2.11]
	at org.springframework.boot.web.servlet.context.ServletWebServerApplicationContext.refresh(ServletWebServerApplicationContext.java:146) [spring-boot-3.5.6.jar:3.5.6]
	at org.springframework.boot.SpringApplication.refresh(SpringApplication.java:752) [spring-boot-3.5.6.jar:3.5.6]
	at org.springframework.boot.SpringApplication.refreshContext(SpringApplication.java:439) [spring-boot-3.5.6.jar:3.5.6]
	at org.springframework.boot.SpringApplication.run(SpringApplication.java:318) [spring-boot-3.5.6.jar:3.5.6]
	at org.springframework.boot.SpringApplication.run(SpringApplication.java:1361) [spring-boot-3.5.6.jar:3.5.6]
	at org.springframework.boot.SpringApplication.run(SpringApplication.java:1350) [spring-boot-3.5.6.jar:3.5.6]
	at com.example.OneToManyApplication.main(OneToManyApplication.java:10) [classes/:?]
Caused by: java.sql.SQLIntegrityConstraintViolationException: ORA-02298: cannot validate (C##SCOTT.FK18J7HOT76CRQFB6X6XN7MLXT6) - parent keys not found

https://docs.oracle.com/error-help/db/ora-02298/
	at oracle.jdbc.driver.T4CTTIoer11.processError(T4CTTIoer11.java:715) ~[ojdbc11-23.7.0.25.01.jar:23.7.0.25.01]
	at oracle.jdbc.driver.T4CTTIoer11.processError(T4CTTIoer11.java:615) ~[ojdbc11-23.7.0.25.01.jar:23.7.0.25.01]
	at oracle.jdbc.driver.T4C8Oall.processError(T4C8Oall.java:1372) ~[ojdbc11-23.7.0.25.01.jar:23.7.0.25.01]
	at oracle.jdbc.driver.T4CTTIfun.receive(T4CTTIfun.java:969) ~[ojdbc11-23.7.0.25.01.jar:23.7.0.25.01]
	at oracle.jdbc.driver.T4CTTIfun.doRPC(T4CTTIfun.java:237) ~[ojdbc11-23.7.0.25.01.jar:23.7.0.25.01]
	at oracle.jdbc.driver.T4C8Oall.doOALL(T4C8Oall.java:524) ~[ojdbc11-23.7.0.25.01.jar:23.7.0.25.01]
	at oracle.jdbc.driver.T4CStatement.doOall8(T4CStatement.java:192) ~[ojdbc11-23.7.0.25.01.jar:23.7.0.25.01]
	at oracle.jdbc.driver.T4CStatement.executeForRows(T4CStatement.java:1401) ~[ojdbc11-23.7.0.25.01.jar:23.7.0.25.01]
	at oracle.jdbc.driver.OracleStatement.executeSQLStatement(OracleStatement.java:2009) ~[ojdbc11-23.7.0.25.01.jar:23.7.0.25.01]
	at oracle.jdbc.driver.OracleStatement.doExecuteWithTimeout(OracleStatement.java:1622) ~[ojdbc11-23.7.0.25.01.jar:23.7.0.25.01]
	at oracle.jdbc.driver.OracleStatement.executeInternal(OracleStatement.java:2687) ~[ojdbc11-23.7.0.25.01.jar:23.7.0.25.01]
	at oracle.jdbc.driver.OracleStatement.execute(OracleStatement.java:2636) ~[ojdbc11-23.7.0.25.01.jar:23.7.0.25.01]
	at oracle.jdbc.driver.OracleStatementWrapper.execute(OracleStatementWrapper.java:337) ~[ojdbc11-23.7.0.25.01.jar:23.7.0.25.01]
	at org.hibernate.tool.schema.internal.exec.GenerationTargetToDatabase.accept(GenerationTargetToDatabase.java:80) ~[hibernate-core-6.6.29.Final.jar:6.6.29.Final]
	... 36 more
Caused by: oracle.jdbc.OracleDatabaseException: ORA-02298: cannot validate (C##SCOTT.FK18J7HOT76CRQFB6X6XN7MLXT6) - parent keys not found

	at oracle.jdbc.driver.T4CTTIoer11.processError(T4CTTIoer11.java:723) ~[ojdbc11-23.7.0.25.01.jar:23.7.0.25.01]
	at oracle.jdbc.driver.T4CTTIoer11.processError(T4CTTIoer11.java:615) ~[ojdbc11-23.7.0.25.01.jar:23.7.0.25.01]
	at oracle.jdbc.driver.T4C8Oall.processError(T4C8Oall.java:1372) ~[ojdbc11-23.7.0.25.01.jar:23.7.0.25.01]
	at oracle.jdbc.driver.T4CTTIfun.receive(T4CTTIfun.java:969) ~[ojdbc11-23.7.0.25.01.jar:23.7.0.25.01]
	at oracle.jdbc.driver.T4CTTIfun.doRPC(T4CTTIfun.java:237) ~[ojdbc11-23.7.0.25.01.jar:23.7.0.25.01]
	at oracle.jdbc.driver.T4C8Oall.doOALL(T4C8Oall.java:524) ~[ojdbc11-23.7.0.25.01.jar:23.7.0.25.01]
	at oracle.jdbc.driver.T4CStatement.doOall8(T4CStatement.java:192) ~[ojdbc11-23.7.0.25.01.jar:23.7.0.25.01]
	at oracle.jdbc.driver.T4CStatement.executeForRows(T4CStatement.java:1401) ~[ojdbc11-23.7.0.25.01.jar:23.7.0.25.01]
	at oracle.jdbc.driver.OracleStatement.executeSQLStatement(OracleStatement.java:2009) ~[ojdbc11-23.7.0.25.01.jar:23.7.0.25.01]
	at oracle.jdbc.driver.OracleStatement.doExecuteWithTimeout(OracleStatement.java:1622) ~[ojdbc11-23.7.0.25.01.jar:23.7.0.25.01]
	at oracle.jdbc.driver.OracleStatement.executeInternal(OracleStatement.java:2687) ~[ojdbc11-23.7.0.25.01.jar:23.7.0.25.01]
	at oracle.jdbc.driver.OracleStatement.execute(OracleStatement.java:2636) ~[ojdbc11-23.7.0.25.01.jar:23.7.0.25.01]
	at oracle.jdbc.driver.OracleStatementWrapper.execute(OracleStatementWrapper.java:337) ~[ojdbc11-23.7.0.25.01.jar:23.7.0.25.01]
	at org.hibernate.tool.schema.internal.exec.GenerationTargetToDatabase.accept(GenerationTargetToDatabase.java:80) ~[hibernate-core-6.6.29.Final.jar:6.6.29.Final]
	... 36 more
2025-10-06 14:05:57 INFO  [main] LocalContainerEntityManagerFactoryBean - Initialized JPA EntityManagerFactory for persistence unit 'default'
2025-10-06 14:05:57 WARN  [main] JpaBaseConfiguration$JpaWebConfiguration - spring.jpa.open-in-view is enabled by default. Therefore, database queries may be performed during view rendering. Explicitly configure spring.jpa.open-in-view to disable this warning
2025-10-06 14:05:57 INFO  [main] H2ConsoleAutoConfiguration - H2 console available at '/h2-console'. Databases available at 'jdbc:oracle:thin:@//localhost:1521/ORCL', 'jdbc:h2:mem:testdb'
2025-10-06 14:05:57 INFO  [main] Http11NioProtocol - Starting ProtocolHandler ["http-nio-8080"]
2025-10-06 14:05:57 INFO  [main] TomcatWebServer - Tomcat started on port 8080 (http) with context path '/'
2025-10-06 14:05:57 INFO  [main] OneToManyApplication - Started OneToManyApplication in 4.338 seconds (process running for 5.005)
2025-10-06 14:06:19 INFO  [http-nio-8080-exec-2] [/] - Initializing Spring DispatcherServlet 'dispatcherServlet'
2025-10-06 14:06:19 INFO  [http-nio-8080-exec-2] DispatcherServlet - Initializing Servlet 'dispatcherServlet'
2025-10-06 14:06:19 INFO  [http-nio-8080-exec-2] DispatcherServlet - Completed initialization in 1 ms
2025-10-06 14:06:19 INFO  [http-nio-8080-exec-2] OrderController - Creating order: Tamojeet Pal
2025-10-06 14:06:19 INFO  [http-nio-8080-exec-2] OrderService - Saving order for: Tamojeet Pal
2025-10-06 14:06:58 INFO  [http-nio-8080-exec-3] OrderController - Creating order: Souparno Goswami
2025-10-06 14:06:58 INFO  [http-nio-8080-exec-3] OrderService - Saving order for: Souparno Goswami
2025-10-06 14:07:06 INFO  [http-nio-8080-exec-4] OrderController - Getting all orders from Oracle DB
2025-10-06 14:07:06 INFO  [http-nio-8080-exec-4] OrderService - Fetching all orders
2025-10-06 14:10:39 INFO  [http-nio-8080-exec-7] OrderController - Creating order: Sayantani Saha
2025-10-06 14:10:39 INFO  [http-nio-8080-exec-7] OrderService - Saving order for: Sayantani Saha
2025-10-06 14:11:10 INFO  [http-nio-8080-exec-8] OrderController - Creating order: Tamoghno Das
2025-10-06 14:11:10 INFO  [http-nio-8080-exec-8] OrderService - Saving order for: Tamoghno Das
2025-10-06 14:11:46 INFO  [http-nio-8080-exec-9] OrderController - Creating order: Aditya Saha
2025-10-06 14:11:46 INFO  [http-nio-8080-exec-9] OrderService - Saving order for: Aditya Saha
2025-10-06 14:13:05 INFO  [http-nio-8080-exec-2] OrderController - Updating order with ID 1 in Oracle DB
2025-10-06 14:13:05 INFO  [http-nio-8080-exec-2] OrderService - Updating order with ID: 1
2025-10-06 14:13:05 ERROR [http-nio-8080-exec-2] GlobalExceptionHandler - Internal error: org.hibernate.TransientObjectException: persistent instance references an unsaved transient instance of 'com.example.entity.Order' (save the transient instance before flushing)
2025-10-06 14:24:46 INFO  [SpringApplicationShutdownHook] GracefulShutdown - Commencing graceful shutdown. Waiting for active requests to complete
2025-10-06 14:24:46 INFO  [tomcat-shutdown] GracefulShutdown - Graceful shutdown complete
2025-10-06 14:24:46 INFO  [SpringApplicationShutdownHook] LocalContainerEntityManagerFactoryBean - Closing JPA EntityManagerFactory for persistence unit 'default'
2025-10-06 14:24:49 INFO  [background-preinit] Version - HV000001: Hibernate Validator 8.0.3.Final
2025-10-06 14:24:49 INFO  [main] OneToManyApplication - Starting OneToManyApplication using Java 25 with PID 22928 (D:\intellij projects\oneToMany\target\classes started by SOUPARNO in D:\intellij projects\oneToMany)
2025-10-06 14:24:49 INFO  [main] OneToManyApplication - No active profile set, falling back to 1 default profile: "default"
2025-10-06 14:24:49 INFO  [main] RepositoryConfigurationDelegate - Bootstrapping Spring Data JPA repositories in DEFAULT mode.
2025-10-06 14:24:49 INFO  [main] RepositoryConfigurationDelegate - Finished Spring Data repository scanning in 38 ms. Found 2 JPA repository interfaces.
2025-10-06 14:24:50 INFO  [main] TomcatWebServer - Tomcat initialized with port 8080 (http)
2025-10-06 14:24:50 INFO  [main] Http11NioProtocol - Initializing ProtocolHandler ["http-nio-8080"]
2025-10-06 14:24:50 INFO  [main] StandardService - Starting service [Tomcat]
2025-10-06 14:24:50 INFO  [main] StandardEngine - Starting Servlet engine: [Apache Tomcat/10.1.46]
2025-10-06 14:24:50 INFO  [main] [/] - Initializing Spring embedded WebApplicationContext
2025-10-06 14:24:50 INFO  [main] ServletWebServerApplicationContext - Root WebApplicationContext: initialization completed in 815 ms
2025-10-06 14:24:50 INFO  [main] LogHelper - HHH000204: Processing PersistenceUnitInfo [name: default]
2025-10-06 14:24:50 INFO  [main] Version - HHH000412: Hibernate ORM core version 6.6.29.Final
2025-10-06 14:24:50 INFO  [main] RegionFactoryInitiator - HHH000026: Second-level cache disabled
2025-10-06 14:24:50 INFO  [main] SpringPersistenceUnitInfo - No LoadTimeWeaver setup: ignoring JPA class transformer
2025-10-06 14:24:51 INFO  [main] pooling - HHH10001005: Database info:
	Database JDBC URL [Connecting through datasource 'org.springframework.jdbc.datasource.DriverManagerDataSource@2443135']
	Database driver: undefined/unknown
	Database version: 21.3
	Autocommit mode: undefined/unknown
	Isolation level: undefined/unknown
	Minimum pool size: undefined/unknown
	Maximum pool size: undefined/unknown
2025-10-06 14:24:51 INFO  [main] JtaPlatformInitiator - HHH000489: No JTA platform available (set 'hibernate.transaction.jta.platform' to enable JTA platform integration)
2025-10-06 14:24:51 INFO  [main] LocalContainerEntityManagerFactoryBean - Initialized JPA EntityManagerFactory for persistence unit 'default'
2025-10-06 14:24:51 WARN  [main] JpaBaseConfiguration$JpaWebConfiguration - spring.jpa.open-in-view is enabled by default. Therefore, database queries may be performed during view rendering. Explicitly configure spring.jpa.open-in-view to disable this warning
2025-10-06 14:24:52 INFO  [main] H2ConsoleAutoConfiguration - H2 console available at '/h2-console'. Databases available at 'jdbc:oracle:thin:@//localhost:1521/ORCL', 'jdbc:h2:mem:testdb'
2025-10-06 14:24:52 INFO  [main] Http11NioProtocol - Starting ProtocolHandler ["http-nio-8080"]
2025-10-06 14:24:52 INFO  [main] TomcatWebServer - Tomcat started on port 8080 (http) with context path '/'
2025-10-06 14:24:52 INFO  [main] OneToManyApplication - Started OneToManyApplication in 3.11 seconds (process running for 3.741)
2025-10-06 14:25:03 INFO  [http-nio-8080-exec-5] [/] - Initializing Spring DispatcherServlet 'dispatcherServlet'
2025-10-06 14:25:03 INFO  [http-nio-8080-exec-5] DispatcherServlet - Initializing Servlet 'dispatcherServlet'
2025-10-06 14:25:03 INFO  [http-nio-8080-exec-5] DispatcherServlet - Completed initialization in 0 ms
2025-10-06 14:25:03 INFO  [http-nio-8080-exec-5] OrderController - Updating order with ID 1 in Oracle DB
2025-10-06 14:25:03 INFO  [http-nio-8080-exec-5] OrderService - Saving order for: Aditya Saha
2025-10-06 14:25:48 INFO  [http-nio-8080-exec-3] OrderController - Getting all orders from Oracle DB
2025-10-06 14:25:48 INFO  [http-nio-8080-exec-3] OrderService - Fetching all orders
2025-10-06 14:26:53 ERROR [http-nio-8080-exec-6] GlobalExceptionHandler - Internal error: JSON parse error: Cannot construct instance of `com.example.entity.Order` (although at least one Creator exists): no String-argument constructor/factory method to deserialize from String value ('id')
2025-10-06 14:27:05 ERROR [http-nio-8080-exec-8] GlobalExceptionHandler - Internal error: JSON parse error: Cannot construct instance of `com.example.entity.Order` (although at least one Creator exists): no String-argument constructor/factory method to deserialize from String value ('id')
2025-10-06 14:27:56 INFO  [http-nio-8080-exec-10] OrderController - Updating order with ID 5 in Oracle DB
2025-10-06 14:27:56 INFO  [http-nio-8080-exec-10] OrderService - Saving order for: Tamojeet Pal
2025-10-06 14:28:19 INFO  [http-nio-8080-exec-1] OrderController - Getting all orders from Oracle DB
2025-10-06 14:28:19 INFO  [http-nio-8080-exec-1] OrderService - Fetching all orders
2025-10-06 14:29:27 INFO  [http-nio-8080-exec-4] OrderController - Deleting order with ID 5 from Oracle DB
2025-10-06 14:29:27 INFO  [http-nio-8080-exec-4] OrderService - Deleted order with ID: 5
2025-10-06 14:29:41 INFO  [http-nio-8080-exec-2] OrderController - Getting all orders from Oracle DB
2025-10-06 14:29:41 INFO  [http-nio-8080-exec-2] OrderService - Fetching all orders
2025-10-06 14:30:44 INFO  [http-nio-8080-exec-8] OrderController - Getting order with ID 4 from Oracle DB
2025-10-06 14:30:59 INFO  [SpringApplicationShutdownHook] GracefulShutdown - Commencing graceful shutdown. Waiting for active requests to complete
2025-10-06 14:30:59 INFO  [tomcat-shutdown] GracefulShutdown - Graceful shutdown complete
2025-10-06 14:30:59 INFO  [SpringApplicationShutdownHook] LocalContainerEntityManagerFactoryBean - Closing JPA EntityManagerFactory for persistence unit 'default'
